c:\users\shimron\desktop\school and work\school\game engine development 2\directx-master\a1\a1\x64\debug\vc142.pdb
c:\users\shimron\desktop\school and work\school\game engine development 2\directx-master\a1\a1\x64\debug\vc142.idb
c:\users\shimron\desktop\school and work\school\game engine development 2\directx-master\a1\a1\x64\debug\world.obj
c:\users\shimron\desktop\school and work\school\game engine development 2\directx-master\a1\a1\x64\debug\entity.obj
c:\users\shimron\desktop\school and work\school\game engine development 2\directx-master\a1\a1\x64\debug\frameresource.obj
c:\users\shimron\desktop\school and work\school\game engine development 2\directx-master\a1\a1\x64\debug\a1.obj
c:\users\shimron\desktop\school and work\school\game engine development 2\directx-master\a1\a1\x64\debug\mathhelper.obj
c:\users\shimron\desktop\school and work\school\game engine development 2\directx-master\a1\a1\x64\debug\geometrygenerator.obj
c:\users\shimron\desktop\school and work\school\game engine development 2\directx-master\a1\a1\x64\debug\gametimer.obj
c:\users\shimron\desktop\school and work\school\game engine development 2\directx-master\a1\a1\x64\debug\ddstextureloader.obj
c:\users\shimron\desktop\school and work\school\game engine development 2\directx-master\a1\a1\x64\debug\d3dutil.obj
c:\users\shimron\desktop\school and work\school\game engine development 2\directx-master\a1\a1\x64\debug\d3dapp.obj
c:\users\shimron\desktop\school and work\school\game engine development 2\directx-master\a1\a1\x64\debug\camera.obj
c:\users\shimron\desktop\school and work\school\game engine development 2\directx-master\a1\a1\x64\debug\game.obj
c:\users\shimron\desktop\school and work\school\game engine development 2\directx-master\a1\a1\x64\debug\week6-1-crateapp_alphatest.obj
c:\users\shimron\desktop\school and work\school\game engine development 2\directx-master\a1\x64\debug\a1.exe
c:\users\shimron\desktop\school and work\school\game engine development 2\directx-master\a1\x64\debug\a1.ilk
c:\users\shimron\desktop\school and work\school\game engine development 2\directx-master\a1\x64\debug\a1.pdb
c:\users\shimron\desktop\school and work\school\game engine development 2\directx-master\a1\a1\x64\debug\a1.tlog\cl.command.1.tlog
c:\users\shimron\desktop\school and work\school\game engine development 2\directx-master\a1\a1\x64\debug\a1.tlog\cl.read.1.tlog
c:\users\shimron\desktop\school and work\school\game engine development 2\directx-master\a1\a1\x64\debug\a1.tlog\cl.write.1.tlog
c:\users\shimron\desktop\school and work\school\game engine development 2\directx-master\a1\a1\x64\debug\a1.tlog\link.command.1.tlog
c:\users\shimron\desktop\school and work\school\game engine development 2\directx-master\a1\a1\x64\debug\a1.tlog\link.read.1.tlog
c:\users\shimron\desktop\school and work\school\game engine development 2\directx-master\a1\a1\x64\debug\a1.tlog\link.write.1.tlog
